Compiled jquery.js  (2ms)  (pid 32374)
Compiled jquery_ujs.js  (0ms)  (pid 32374)
Compiled bootstrap-transition.js  (0ms)  (pid 32374)
Compiled bootstrap-affix.js  (0ms)  (pid 32374)
Compiled bootstrap-alert.js  (1ms)  (pid 32374)
Compiled bootstrap-button.js  (0ms)  (pid 32374)
Compiled bootstrap-carousel.js  (1ms)  (pid 32374)
Compiled bootstrap-collapse.js  (1ms)  (pid 32374)
Compiled bootstrap-dropdown.js  (9ms)  (pid 32374)
Compiled bootstrap-modal.js  (5ms)  (pid 32374)
Compiled bootstrap-scrollspy.js  (2ms)  (pid 32374)
Compiled bootstrap-tab.js  (4ms)  (pid 32374)
Compiled bootstrap-tooltip.js  (1ms)  (pid 32374)
Compiled bootstrap-popover.js  (3ms)  (pid 32374)
Compiled bootstrap-typeahead.js  (0ms)  (pid 32374)
Compiled bootstrap.js  (405ms)  (pid 32374)
Compiled regular/application.js  (640ms)  (pid 32374)
Compiled regular/application.css  (0ms)  (pid 32374)
Compiled jquery.js  (2ms)  (pid 32374)
Compiled jquery_ujs.js  (2ms)  (pid 32374)
Compiled bootstrap-transition.js  (0ms)  (pid 32374)
Compiled bootstrap-affix.js  (1ms)  (pid 32374)
Compiled bootstrap-alert.js  (0ms)  (pid 32374)
Compiled bootstrap-button.js  (0ms)  (pid 32374)
Compiled bootstrap-carousel.js  (0ms)  (pid 32374)
Compiled bootstrap-collapse.js  (0ms)  (pid 32374)
Compiled bootstrap-dropdown.js  (1ms)  (pid 32374)
Compiled bootstrap-modal.js  (1ms)  (pid 32374)
Compiled bootstrap-scrollspy.js  (0ms)  (pid 32374)
Compiled bootstrap-tab.js  (2ms)  (pid 32374)
Compiled bootstrap-tooltip.js  (0ms)  (pid 32374)
Compiled bootstrap-popover.js  (0ms)  (pid 32374)
Compiled bootstrap-typeahead.js  (0ms)  (pid 32374)
Compiled bootstrap.js  (268ms)  (pid 32374)
Compiled regular/application.js  (367ms)  (pid 32374)
Compiled regular/application.css  (0ms)  (pid 32374)
